executable=${PYPEFLOW_JOB_START_SCRIPT}
+ executable=/mnt/disks/data/assembly/ecoli-blocking/1-preads_ovl/daligner-runs/j_0000/run-P880c565e762b7c.bash
timeout=${PYPEFLOW_JOB_START_TIMEOUT:-60} # wait 60s by default
+ timeout=60

# Wait up to timeout seconds for the executable to become "executable",
# then exec.
#timeleft = int(timeout)
while [[ ! -x "${executable}" ]]; do
    if [[ "${timeout}" == "0" ]]; then
        echo "timed out waiting for (${executable})"
        exit 77
    fi
    echo "not executable: '${executable}', waiting ${timeout}s"
    sleep 1
    timeout=$((timeout-1))
done
+ [[ ! -x /mnt/disks/data/assembly/ecoli-blocking/1-preads_ovl/daligner-runs/j_0000/run-P880c565e762b7c.bash ]]

/bin/bash ${executable}
+ /bin/bash /mnt/disks/data/assembly/ecoli-blocking/1-preads_ovl/daligner-runs/j_0000/run-P880c565e762b7c.bash
+ '[' '!' -d /mnt/disks/data/assembly/ecoli-blocking/1-preads_ovl/daligner-runs/j_0000 ']'
+ cd /mnt/disks/data/assembly/ecoli-blocking/1-preads_ovl/daligner-runs/j_0000
+ eval '/bin/bash run.sh'
++ /bin/bash run.sh
export PATH=$PATH:/bin
+ export PATH=/apps/pbassemble/bin:/usr/local/bin:/usr/bin:/usr/local/sbin:/usr/sbin:/apps/slurm/current/bin:/apps/slurm/current/sbin:/home/ebelter_wustl_edu/.local/bin:/home/ebelter_wustl_edu/bin:/bin
+ PATH=/apps/pbassemble/bin:/usr/local/bin:/usr/bin:/usr/local/sbin:/usr/sbin:/apps/slurm/current/bin:/apps/slurm/current/sbin:/home/ebelter_wustl_edu/.local/bin:/home/ebelter_wustl_edu/bin:/bin
cd /mnt/disks/data/assembly/ecoli-blocking/1-preads_ovl/daligner-runs/j_0000
+ cd /mnt/disks/data/assembly/ecoli-blocking/1-preads_ovl/daligner-runs/j_0000
/bin/bash task.sh
+ /bin/bash task.sh
pypeflow 2.1.1
2019-01-10 00:18:42,500 - root - DEBUG - Running "/apps/pbassemble/lib/python2.7/site-packages/pypeflow/do_task.py /mnt/disks/data/assembly/ecoli-blocking/1-preads_ovl/daligner-runs/j_0000/task.json"
2019-01-10 00:18:42,501 - root - DEBUG - Checking existence of '/mnt/disks/data/assembly/ecoli-blocking/1-preads_ovl/daligner-runs/j_0000/task.json' with timeout=30
2019-01-10 00:18:42,501 - root - DEBUG - Loading JSON from '/mnt/disks/data/assembly/ecoli-blocking/1-preads_ovl/daligner-runs/j_0000/task.json'
2019-01-10 00:18:42,503 - root - DEBUG - {u'bash_template_fn': u'template.sh',
 u'inputs': {u'bash_template': u'../../daligner-split/daligner_bash_template.sh',
             u'units_of_work': u'../../daligner-chunks/j_0000/some-units-of-work.json'},
 u'outputs': {u'results': u'some-done-files.json'},
 u'parameters': {u'pypeflow_mb': u'32768', u'pypeflow_nproc': u'4'}}
2019-01-10 00:18:42,503 - root - WARNING - CD: '/mnt/disks/data/assembly/ecoli-blocking/1-preads_ovl/daligner-runs/j_0000' <- '/mnt/disks/data/assembly/ecoli-blocking/1-preads_ovl/daligner-runs/j_0000'
2019-01-10 00:18:42,503 - root - DEBUG - Checking existence of u'../../daligner-chunks/j_0000/some-units-of-work.json' with timeout=30
2019-01-10 00:18:42,505 - root - DEBUG - Checking existence of u'../../daligner-split/daligner_bash_template.sh' with timeout=30
2019-01-10 00:18:42,506 - root - DEBUG - Checking existence of u'template.sh' with timeout=30
2019-01-10 00:18:42,508 - root - WARNING - CD: '/mnt/disks/data/assembly/ecoli-blocking/1-preads_ovl/daligner-runs/j_0000' <- '/mnt/disks/data/assembly/ecoli-blocking/1-preads_ovl/daligner-runs/j_0000'
2019-01-10 00:18:42,516 - root - INFO - $('/bin/bash user_script.sh')
hostname
+ hostname
pwd
+ pwd
date
+ date
# Substitution will be similar to snakemake "shell".
python -m falcon_kit.mains.generic_run_units_of_work --nproc=4 --units-of-work-fn=../../daligner-chunks/j_0000/some-units-of-work.json --bash-template-fn=../../daligner-split/daligner_bash_template.sh --results-fn=some-done-files.json
+ python -m falcon_kit.mains.generic_run_units_of_work --nproc=4 --units-of-work-fn=../../daligner-chunks/j_0000/some-units-of-work.json --bash-template-fn=../../daligner-split/daligner_bash_template.sh --results-fn=some-done-files.json
falcon-kit 1.2.4
pypeflow 2.1.1
INFO:root:INPUT:{u'db': u'../../../build/preads.db', u'config': u'../../../../General_config.json', u'script': u'../../../daligner-split/daligner-scripts/j_0000/run_daligner.sh'}
INFO:root:OUTPUT:{u'job_done': u'daligner.done'}
INFO:root:PARAMS:{'pypeflow_nproc': '4'}
INFO:root:$('rm -rf uow-00')
WARNING:root:CD: 'uow-00' <- '/mnt/disks/data/assembly/ecoli-blocking/1-preads_ovl/daligner-runs/j_0000'
INFO:root:$('/bin/bash user_script.sh')
hostname
+ hostname
pwd
+ pwd
date
+ date
python -m falcon_kit.mains.dazzler --config=../../../../General_config.json --db=../../../build/preads.db  daligner-apply --script=../../../daligner-split/daligner-scripts/j_0000/run_daligner.sh --job-done=daligner.done
+ python -m falcon_kit.mains.dazzler --config=../../../../General_config.json --db=../../../build/preads.db daligner-apply --script=../../../daligner-split/daligner-scripts/j_0000/run_daligner.sh --job-done=daligner.done
falcon-kit 1.2.4
pypeflow 2.1.1
[INFO]Log-level: INFO
[INFO]ln -sf ../../../daligner-split/daligner-scripts/j_0000/run_daligner.sh run_daligner.sh
[INFO]ln -sf ../../../build/preads.db preads.db
[INFO]ln -sf ../../../build/.preads.bps .preads.bps
[INFO]ln -sf ../../../build/.preads.dust.anno .preads.dust.anno
[INFO]ln -sf ../../../build/.preads.dust.data .preads.dust.data
[INFO]ln -sf ../../../build/.preads.idx .preads.idx
[INFO]$('bash -vex run_daligner.sh')
daligner_p -v -k24 -h1024 -H1000 -e0.9 -l2500 -M24 -P. -mdust preads.1 preads.1
+ daligner_p -v -k24 -h1024 -H1000 -e0.9 -l2500 -M24 -P. -mdust preads.1 preads.1

LAcheck -vS preads *.las
+ LAcheck -vS preads preads.1.preads.1.las

date
+ date
WARNING:root:CD: 'uow-00' -> '/mnt/disks/data/assembly/ecoli-blocking/1-preads_ovl/daligner-runs/j_0000'

date
+ date
2019-01-10 00:19:47,365 - root - DEBUG - Call '/bin/bash user_script.sh' returned 0.
2019-01-10 00:19:47,366 - root - WARNING - CD: '/mnt/disks/data/assembly/ecoli-blocking/1-preads_ovl/daligner-runs/j_0000' -> '/mnt/disks/data/assembly/ecoli-blocking/1-preads_ovl/daligner-runs/j_0000'
2019-01-10 00:19:47,367 - root - DEBUG - Checking existence of u'some-done-files.json' with timeout=30
2019-01-10 00:19:47,367 - root - WARNING - CD: '/mnt/disks/data/assembly/ecoli-blocking/1-preads_ovl/daligner-runs/j_0000' -> '/mnt/disks/data/assembly/ecoli-blocking/1-preads_ovl/daligner-runs/j_0000'

real	1m5.241s
user	2m53.611s
sys	0m27.538s
touch /mnt/disks/data/assembly/ecoli-blocking/1-preads_ovl/daligner-runs/j_0000/run.sh.done
+ touch /mnt/disks/data/assembly/ecoli-blocking/1-preads_ovl/daligner-runs/j_0000/run.sh.done
+ finish
+ echo 'finish code: 0'
