phrap /gsc/var/cache/testsuite/data/Genome-Model-AmpliconAssembly/tHIJpSxYvU/edit_dir/HMPB-aad13a05.fasta -minmatch 17 -new_ace -forcelevel 1 -view -minscore 30 -new_ace 
phrap version 0.990319

Run date:time  090119:170042
Query file(s):  /gsc/var/cache/testsuite/data/Genome-Model-AmpliconAssembly/tHIJpSxYvU/edit_dir/HMPB-aad13a05.fasta
Presumed sequence type: DNA

Pairwise comparison algorithm: banded Smith-Waterman

Score matrix (set by value of penalty: -2)
    A   C   G   T   N   X
A   1  -2  -2  -2   0  -3
C  -2   1  -2  -2   0  -3
G  -2  -2   1  -2   0  -3
T  -2  -2  -2   1   0  -3
N   0   0   0   0   0   0
X  -3  -3  -3  -3   0  -3

Gap penalties: gap_init: -4, gap_ext: -3, ins_gap_ext: -3, del_gap_ext: -3, 
Using complexity-adjusted scores. Assumed background frequencies:
 A: 0.250  C: 0.250  G: 0.250  T: 0.250  N: 0.000  X: 0.000  

minmatch: 17, maxmatch: 30, max_group_size: 20, minscore: 30, bandwidth: 14, indexwordsize: 10
vector_bound: 80
word_raw: 0
trim_penalty: -2, trim_score: 20, trim_qual: 13, maxgap: 30
repeat_stringency: 0.950000
qual_show: 20
confirm_length: 8, confirm_trim: 1, confirm_penalty: -5, confirm_score: 30
node_seg: 8, node_space: 4
forcelevel: 1
max_subclone_size: 5000

Sequence file: /gsc/var/cache/testsuite/data/Genome-Model-AmpliconAssembly/tHIJpSxYvU/edit_dir/HMPB-aad13a05.fasta    5 entries
Residue counts:
  A     1036
  C     1188
  G     1155
  N      251
  T     1071
  X      551
Total   5252

Read name analysis:
 # Reads      # templates
   5             1

 Suffix counts:
  b             4
  g             1


Templates inferred from description field:     5
Templates inferred from name field:            0

Read-template multiplicity analysis:
 # Reads      # templates
   5             1

Chemistries inferred from description field:
    0  dye-primer
    0  old-dye-terminator
    5  big-dye-terminator
    0  other

Chemistries inferred from name:
    0  dye-primer
    0  old-dye-terminator
    0  big-dye-terminator
    0  other

Directions inferred from description field:
    4  fwd
    1  rev
    0  unknown (set to fwd)

Directions inferred from name:
    0  fwd
    0  rev
    0  unknown (set to fwd)

Quality file: /gsc/var/cache/testsuite/data/Genome-Model-AmpliconAssembly/tHIJpSxYvU/edit_dir/HMPB-aad13a05.fasta.qual

Input quality (quality, n_residues, %,  cum, cum %,  cum expected errs):
 61    1091  20.8    1091  20.8    0.00
 59     115   2.2    1206  23.0    0.00
 57     153   2.9    1359  25.9    0.00
 55     169   3.2    1528  29.1    0.00
 53     201   3.8    1729  32.9    0.00
 52     146   2.8    1875  35.7    0.00
 51      23   0.4    1898  36.1    0.00
 50     133   2.5    2031  38.7    0.01
 49      51   1.0    2082  39.6    0.01
 48      19   0.4    2101  40.0    0.01
 47     121   2.3    2222  42.3    0.01
 46      53   1.0    2275  43.3    0.01
 45      55   1.0    2330  44.4    0.01
 44      26   0.5    2356  44.9    0.01
 43     116   2.2    2472  47.1    0.02
 42      35   0.7    2507  47.7    0.02
 41      71   1.4    2578  49.1    0.03
 40      41   0.8    2619  49.9    0.03
 39      60   1.1    2679  51.0    0.04
 38      70   1.3    2749  52.3    0.05
 37     110   2.1    2859  54.4    0.07
 36      60   1.1    2919  55.6    0.09
 35      58   1.1    2977  56.7    0.10
 34      68   1.3    3045  58.0    0.13
 33      80   1.5    3125  59.5    0.17
 32      82   1.6    3207  61.1    0.22
 31      86   1.6    3293  62.7    0.29
 30     101   1.9    3394  64.6    0.39
 29     150   2.9    3544  67.5    0.58
 28     117   2.2    3661  69.7    0.77
 27      74   1.4    3735  71.1    0.91
 26      60   1.1    3795  72.3    1.07
 25      67   1.3    3862  73.5    1.28
 24      72   1.4    3934  74.9    1.56
 23      74   1.4    4008  76.3    1.93
 22      73   1.4    4081  77.7    2.40
 21      50   1.0    4131  78.7    2.79
 20      50   1.0    4181  79.6    3.29
 19      55   1.0    4236  80.7    3.98
 18      55   1.0    4291  81.7    4.86
 17      43   0.8    4334  82.5    5.71
 16      50   1.0    4384  83.5    6.97
 15      47   0.9    4431  84.4    8.46
 14      57   1.1    4488  85.5   10.73
 13      58   1.1    4546  86.6   13.63
 12      47   0.9    4593  87.5   16.60
 11      52   1.0    4645  88.4   20.73
 10      57   1.1    4702  89.5   26.43
  9      47   0.9    4749  90.4   32.35
  8      78   1.5    4827  91.9   44.71
  7      73   1.4    4900  93.3   59.27
  6      89   1.7    4989  95.0   81.63
  5      67   1.3    5056  96.3  102.82
  4      89   1.7    5145  98.0  138.25
  3      74   1.4    5219  99.4  175.34
  2      16   0.3    5235  99.7  185.43
  1      17   0.3    5252 100.0  198.93   (quality -1 = terminal quality 0)

Avg. full length: 1050.4, trimmed (qual > -1): 1050.4
Avg. quality: 38.2 per base

Following regions converted to N's


Exact duplicate reads:  None.

Probable unremoved sequencing vector (matches excluded from assembly, quality reduced to 0):  None.

Near duplicate reads:  None.

Internal read matches (same orientation) :  None.

No. of node-rejected pairs: None.

Multi-segment reads (initially rejected segments in parentheses) -- XXX means segments flank X'd region: 

0 reads with multiple segments.

Probable deletion reads (excluded from assembly): None.

Revised quality (quality, n_residues, %,  cum, cum %,  cum expected errs):
 90    2599  49.5    2599  49.5    0.00
 89      36   0.7    2635  50.2    0.00
 88      39   0.7    2674  50.9    0.00
 87      30   0.6    2704  51.5    0.00
 86      36   0.7    2740  52.2    0.00
 85      35   0.7    2775  52.8    0.00
 84      25   0.5    2800  53.3    0.00
 83      21   0.4    2821  53.7    0.00
 82      20   0.4    2841  54.1    0.00
 81      31   0.6    2872  54.7    0.00
 80      13   0.2    2885  54.9    0.00
 79      23   0.4    2908  55.4    0.00
 78      17   0.3    2925  55.7    0.00
 77      12   0.2    2937  55.9    0.00
 76      16   0.3    2953  56.2    0.00
 75      13   0.2    2966  56.5    0.00
 74      16   0.3    2982  56.8    0.00
 73      10   0.2    2992  57.0    0.00
 72      15   0.3    3007  57.3    0.00
 71      23   0.4    3030  57.7    0.00
 70      13   0.2    3043  57.9    0.00
 69      13   0.2    3056  58.2    0.00
 68      11   0.2    3067  58.4    0.00
 67      12   0.2    3079  58.6    0.00
 66      10   0.2    3089  58.8    0.00
 65      14   0.3    3103  59.1    0.00
 64       8   0.2    3111  59.2    0.00
 63      11   0.2    3122  59.4    0.00
 62      11   0.2    3133  59.7    0.00
 61     122   2.3    3255  62.0    0.00
 60       4   0.1    3259  62.1    0.00
 59      62   1.2    3321  63.2    0.00
 58      19   0.4    3340  63.6    0.00
 57      23   0.4    3363  64.0    0.00
 56       9   0.2    3372  64.2    0.00
 55      78   1.5    3450  65.7    0.00
 54      10   0.2    3460  65.9    0.00
 53      72   1.4    3532  67.3    0.00
 52      52   1.0    3584  68.2    0.00
 51      10   0.2    3594  68.4    0.00
 50      63   1.2    3657  69.6    0.00
 49      10   0.2    3667  69.8    0.00
 48      14   0.3    3681  70.1    0.00
 47      35   0.7    3716  70.8    0.00
 46      13   0.2    3729  71.0    0.00
 45      21   0.4    3750  71.4    0.00
 44      17   0.3    3767  71.7    0.00
 43      24   0.5    3791  72.2    0.01
 42       7   0.1    3798  72.3    0.01
 41      10   0.2    3808  72.5    0.01
 40       9   0.2    3817  72.7    0.01
 39       8   0.2    3825  72.8    0.01
 38      21   0.4    3846  73.2    0.01
 37      16   0.3    3862  73.5    0.02
 36       8   0.2    3870  73.7    0.02
 35      13   0.2    3883  73.9    0.02
 34       4   0.1    3887  74.0    0.02
 33       4   0.1    3891  74.1    0.03
 32       9   0.2    3900  74.3    0.03
 31      10   0.2    3910  74.4    0.04
 30       4   0.1    3914  74.5    0.04
 29       6   0.1    3920  74.6    0.05
 28       7   0.1    3927  74.8    0.06
 27       1   0.0    3928  74.8    0.06
 26       5   0.1    3933  74.9    0.08
 25      27   0.5    3960  75.4    0.16
 24       9   0.2    3969  75.6    0.20
 23       4   0.1    3973  75.6    0.22
 22       4   0.1    3977  75.7    0.24
 21       5   0.1    3982  75.8    0.28
 20       7   0.1    3989  76.0    0.35
 19       4   0.1    3993  76.0    0.40
 18       3   0.1    3996  76.1    0.45
 17       2   0.0    3998  76.1    0.49
 16       1   0.0    3999  76.1    0.52
 15      37   0.7    4036  76.8    1.69
 14       4   0.1    4040  76.9    1.84
 13       2   0.0    4042  77.0    1.94
 12       2   0.0    4044  77.0    2.07
 11       2   0.0    4046  77.0    2.23
 10       2   0.0    4048  77.1    2.43
  9       1   0.0    4049  77.1    2.56
  8       2   0.0    4051  77.1    2.87
  7       2   0.0    4053  77.2    3.27
  6       2   0.0    4055  77.2    3.77
  3       1   0.0    4056  77.2    4.28
  2     261   5.0    4317  82.2  168.96
 -1     935  17.8    5252 100.0  1103.96   (quality -1 = terminal quality 0)

Avg. full length: 1050.4, trimmed (qual > -1): 863.4
Avg. quality: 60.8 per base

LLR score histogram:
Score    #   cum # 
  0.0     3     3
  5.0     1     4
 15.0     6    10

LLR score histogram:
Score    #   cum # 
  0.0     3     3
  5.0     1     4
 15.0     6    10

2d revised quality (quality, n_residues, %,  cum, cum %,  cum expected errs):
 90    2599  49.5    2599  49.5    0.00
 89      36   0.7    2635  50.2    0.00
 88      39   0.7    2674  50.9    0.00
 87      30   0.6    2704  51.5    0.00
 86      36   0.7    2740  52.2    0.00
 85      35   0.7    2775  52.8    0.00
 84      25   0.5    2800  53.3    0.00
 83      21   0.4    2821  53.7    0.00
 82      20   0.4    2841  54.1    0.00
 81      31   0.6    2872  54.7    0.00
 80      13   0.2    2885  54.9    0.00
 79      23   0.4    2908  55.4    0.00
 78      17   0.3    2925  55.7    0.00
 77      12   0.2    2937  55.9    0.00
 76      16   0.3    2953  56.2    0.00
 75      13   0.2    2966  56.5    0.00
 74      16   0.3    2982  56.8    0.00
 73      10   0.2    2992  57.0    0.00
 72      15   0.3    3007  57.3    0.00
 71      23   0.4    3030  57.7    0.00
 70      13   0.2    3043  57.9    0.00
 69      13   0.2    3056  58.2    0.00
 68      11   0.2    3067  58.4    0.00
 67      12   0.2    3079  58.6    0.00
 66      10   0.2    3089  58.8    0.00
 65      14   0.3    3103  59.1    0.00
 64       8   0.2    3111  59.2    0.00
 63      11   0.2    3122  59.4    0.00
 62      11   0.2    3133  59.7    0.00
 61     122   2.3    3255  62.0    0.00
 60       4   0.1    3259  62.1    0.00
 59      62   1.2    3321  63.2    0.00
 58      19   0.4    3340  63.6    0.00
 57      23   0.4    3363  64.0    0.00
 56       9   0.2    3372  64.2    0.00
 55      78   1.5    3450  65.7    0.00
 54      10   0.2    3460  65.9    0.00
 53      72   1.4    3532  67.3    0.00
 52      52   1.0    3584  68.2    0.00
 51      10   0.2    3594  68.4    0.00
 50      63   1.2    3657  69.6    0.00
 49      10   0.2    3667  69.8    0.00
 48      14   0.3    3681  70.1    0.00
 47      35   0.7    3716  70.8    0.00
 46      13   0.2    3729  71.0    0.00
 45      21   0.4    3750  71.4    0.00
 44      17   0.3    3767  71.7    0.00
 43      24   0.5    3791  72.2    0.01
 42       7   0.1    3798  72.3    0.01
 41      10   0.2    3808  72.5    0.01
 40       9   0.2    3817  72.7    0.01
 39       8   0.2    3825  72.8    0.01
 38      21   0.4    3846  73.2    0.01
 37      16   0.3    3862  73.5    0.02
 36       8   0.2    3870  73.7    0.02
 35      13   0.2    3883  73.9    0.02
 34       4   0.1    3887  74.0    0.02
 33       4   0.1    3891  74.1    0.03
 32       9   0.2    3900  74.3    0.03
 31      10   0.2    3910  74.4    0.04
 30       4   0.1    3914  74.5    0.04
 29       6   0.1    3920  74.6    0.05
 28       7   0.1    3927  74.8    0.06
 27       1   0.0    3928  74.8    0.06
 26       5   0.1    3933  74.9    0.08
 25      27   0.5    3960  75.4    0.16
 24       9   0.2    3969  75.6    0.20
 23       4   0.1    3973  75.6    0.22
 22       4   0.1    3977  75.7    0.24
 21       5   0.1    3982  75.8    0.28
 20       7   0.1    3989  76.0    0.35
 19       4   0.1    3993  76.0    0.40
 18       3   0.1    3996  76.1    0.45
 17       2   0.0    3998  76.1    0.49
 16       1   0.0    3999  76.1    0.52
 15      37   0.7    4036  76.8    1.69
 14       4   0.1    4040  76.9    1.84
 13       2   0.0    4042  77.0    1.94
 12       2   0.0    4044  77.0    2.07
 11       2   0.0    4046  77.0    2.23
 10       2   0.0    4048  77.1    2.43
  9       1   0.0    4049  77.1    2.56
  8       2   0.0    4051  77.1    2.87
  7       2   0.0    4053  77.2    3.27
  6       2   0.0    4055  77.2    3.77
  3       1   0.0    4056  77.2    4.28
  2     261   5.0    4317  82.2  168.96
 -1     935  17.8    5252 100.0  1103.96   (quality -1 = terminal quality 0)

Avg. full length: 1050.4, trimmed (qual > -1): 863.4
Avg. quality: 60.8 per base

No. confirmed reads: 0
Preliminary clone size estimate: 0 bp, depth of coverage: 0.0

Depth histogram (max_depth, #reads, cum #reads):

 0     5       5

Forward confirmed bases: 0

Substitutions by nucleotide:
       A      C      G      T      N      X      Z    Total
A      0      0      0      0      0      0      0        0
C      0      0      0      0      0      0      0        0
G      0      0      0      0      0      0      0        0
T      0      0      0      0      0      0      0        0
N      0      0      0      0      0      0      0        0
X      0      0      0      0      0      0      0        0
Z      0      0      0      0      0      0      0        0

Substitutions by quality: 
       Total

Histogram of spacings between adjacent indel pairs:


Reverse confirmed bases: 0

Substitutions by nucleotide:
       A      C      G      T      N      X      Z    Total
A      0      0      0      0      0      0      0        0
C      0      0      0      0      0      0      0        0
G      0      0      0      0      0      0      0        0
T      0      0      0      0      0      0      0        0
N      0      0      0      0      0      0      0        0
X      0      0      0      0      0      0      0        0
Z      0      0      0      0      0      0      0        0

Substitutions by quality: 
       Total

Histogram of spacings between adjacent indel pairs:


Blocked reads: 
HMPB-aad13a05.b1 80 783  left 
HMPB-aad13a05.b4 80 904   right
HMPB-aad13a05.g1 97 830  left 

3 blocked reads: 2 left only, 1 right only, 0 both.
0 reads (not shown) lack a high-quality segment.

0 perfect duplicates

0 isolated singletons (having no non-vector match to any other read)

Contig 1.  5 reads; 1413 bp (untrimmed), 1413 (trimmed).  Isolated contig.
    -96   895 HMPB-AAD13A05.g1  764 (  0)  0.13 0.75 0.13   97 (492)   96 ( 96) 
C   383  1497 HMPB-AAD13A05.b3  907 (  0)  0.19 0.10 2.05    5 ( 14)   84 ( 88) 
C   481  1493 HMPB-AAD13A05.b1  708 (  0)  1.45 2.17 0.12  104 (151)   80 ( 84) 
    510  1613 HMPB-AAD13A05.b4  869 (  0)  0.00 0.00 0.11   18 ( 18)  204 (204) 
    517  1544 HMPB-AAD13A05.b2  858 (  0)  0.23 0.11 0.23   11 ( 11)  131 (136) 

Overall discrep rates (%):             0.38 0.59 0.59

Contig quality (quality, n_residues, %,  cum, cum %,  cum expected errs):
 90     802  56.8     802  56.8    0.00
 89       5   0.4     807  57.1    0.00
 88       6   0.4     813  57.5    0.00
 87       3   0.2     816  57.7    0.00
 86       5   0.4     821  58.1    0.00
 85       4   0.3     825  58.4    0.00
 84       1   0.1     826  58.5    0.00
 83       1   0.1     827  58.5    0.00
 82       1   0.1     828  58.6    0.00
 78       1   0.1     829  58.7    0.00
 76       5   0.4     834  59.0    0.00
 75       2   0.1     836  59.2    0.00
 74       1   0.1     837  59.2    0.00
 72       1   0.1     838  59.3    0.00
 71       1   0.1     839  59.4    0.00
 68       1   0.1     840  59.4    0.00
 66       2   0.1     842  59.6    0.00
 65       1   0.1     843  59.7    0.00
 63       1   0.1     844  59.7    0.00
 61     102   7.2     946  66.9    0.00
 60       1   0.1     947  67.0    0.00
 59      49   3.5     996  70.5    0.00
 58       3   0.2     999  70.7    0.00
 57      10   0.7    1009  71.4    0.00
 56       1   0.1    1010  71.5    0.00
 55      67   4.7    1077  76.2    0.00
 54       3   0.2    1080  76.4    0.00
 53      55   3.9    1135  80.3    0.00
 52      39   2.8    1174  83.1    0.00
 51       2   0.1    1176  83.2    0.00
 50      53   3.8    1229  87.0    0.00
 49       7   0.5    1236  87.5    0.00
 48       4   0.3    1240  87.8    0.00
 47      27   1.9    1267  89.7    0.00
 46      10   0.7    1277  90.4    0.00
 45      16   1.1    1293  91.5    0.00
 44      10   0.7    1303  92.2    0.00
 43      14   1.0    1317  93.2    0.00
 42       5   0.4    1322  93.6    0.00
 41       7   0.5    1329  94.1    0.00
 40       7   0.5    1336  94.6    0.01
 39       4   0.3    1340  94.8    0.01
 38      12   0.8    1352  95.7    0.01
 37      11   0.8    1363  96.5    0.01
 36       4   0.3    1367  96.7    0.01
 35       4   0.3    1371  97.0    0.01
 34       2   0.1    1373  97.2    0.01
 33       3   0.2    1376  97.4    0.01
 32       6   0.4    1382  97.8    0.02
 31       5   0.4    1387  98.2    0.02
 30       1   0.1    1388  98.2    0.02
 29       3   0.2    1391  98.4    0.03
 28       3   0.2    1394  98.7    0.03
 27       1   0.1    1395  98.7    0.03
 26       2   0.1    1397  98.9    0.04
 25       4   0.3    1401  99.2    0.05
 24       6   0.4    1407  99.6    0.08
 22       1   0.1    1408  99.6    0.08
 21       1   0.1    1409  99.7    0.09
 20       2   0.1    1411  99.9    0.11
 18       1   0.1    1412  99.9    0.13
 16       1   0.1    1413 100.0    0.15   (quality -1 = terminal quality 0)

Avg. full length: 1413.0, trimmed (qual > -1): 1413.0
Avg. quality: 73.9 per base

Initial, terminal qual 0 segments:  (None), (None)

Regions of LLR- adjusted quality < 2.0:
3, 432, 

3 regions, avg size 0.7, avg spacing 471.0

First_start: 396, last_end: 1409

Slack, # used pairs (max_score), unused
 0     3  (18.1)     0 ( 0.0)        7
 1     2  (17.1)     0 ( 0.0)        3
 2     3  (17.1)     0 ( 0.0)        0
 3     1  ( 3.9)     0 ( 0.0)        0
10     1  ( 8.2)     0 ( 0.0)        0

LLR histograms (used, unused pairs): 
  3.0     2       0
  4.0     1       0
  8.0     1       0
 10.0     6       0

   DS Gap         Size      Closest read (Start)   Covers   Read length required
                                                    now?        to cover
Top strand: 
 left -     0        0+
 1414 - right        0+      HMPB-AAD13A05.b2 ( 517)    No            896+

Bottom strand: 
 left -   387      387+      HMPB-AAD13A05.b1 (1493)    No           1493+
 1414 - right        0+

Read/contig alignment summary, by read base; trace qualities
Qual algn  cum    rcum    (%)    unalgn X    N  sub del ins  total (%)   cum  rcum (%)
61   1061   1061   4080 (100.00)     0  0    0   0   0   0     0 (0.00)    0   16 (0.39)
59    111   1172   3019 ( 74.00)     0  0    0   0   0   0     0 (0.00)    0   16 (0.53)
57    150   1322   2908 ( 71.27)     0  0    0   0   0   0     0 (0.00)    0   16 (0.55)
55    162   1484   2758 ( 67.60)     0  0    0   0   0   0     0 (0.00)    0   16 (0.58)
53    197   1681   2596 ( 63.63)     0  0    0   0   0   0     0 (0.00)    0   16 (0.62)
52    134   1815   2399 ( 58.80)     0  0    0   0   0   1     1 (0.75)    1   16 (0.67)
51     23   1838   2265 ( 55.51)     0  0    0   0   0   0     0 (0.00)    1   15 (0.66)
50    125   1963   2242 ( 54.95)     0  0    0   0   0   0     0 (0.00)    1   15 (0.67)
49     48   2011   2117 ( 51.89)     0  0    0   0   0   0     0 (0.00)    1   15 (0.71)
48     18   2029   2069 ( 50.71)     0  0    0   0   0   0     0 (0.00)    1   15 (0.72)
47    110   2139   2051 ( 50.27)     0  0    0   0   0   1     1 (0.91)    2   15 (0.73)
46     53   2192   1941 ( 47.57)     0  0    0   0   0   0     0 (0.00)    2   14 (0.72)
45     51   2243   1888 ( 46.27)     0  0    0   0   0   0     0 (0.00)    2   14 (0.74)
44     25   2268   1837 ( 45.02)     0  0    0   0   0   0     0 (0.00)    2   14 (0.76)
43    113   2381   1812 ( 44.41)     0  0    0   0   0   0     0 (0.00)    2   14 (0.77)
42     29   2410   1699 ( 41.64)     0  0    0   0   0   0     0 (0.00)    2   14 (0.82)
41     65   2475   1670 ( 40.93)     0  0    0   0   0   0     0 (0.00)    2   14 (0.84)
40     39   2514   1605 ( 39.34)     0  0    0   0   0   0     0 (0.00)    2   14 (0.87)
39     55   2569   1566 ( 38.38)     0  0    0   0   0   0     0 (0.00)    2   14 (0.89)
38     63   2632   1511 ( 37.03)     0  0    0   0   0   0     0 (0.00)    2   14 (0.93)
37     99   2731   1448 ( 35.49)     0  0    0   0   0   0     0 (0.00)    2   14 (0.97)
36     54   2785   1349 ( 33.06)     0  0    0   0   0   0     0 (0.00)    2   14 (1.04)
35     48   2833   1295 ( 31.74)     0  0    0   0   0   0     0 (0.00)    2   14 (1.08)
34     59   2892   1247 ( 30.56)     0  0    0   0   0   0     0 (0.00)    2   14 (1.12)
33     75   2967   1188 ( 29.12)     0  0    0   0   0   0     0 (0.00)    2   14 (1.18)
32     73   3040   1113 ( 27.28)     0  0    0   0   0   0     0 (0.00)    2   14 (1.26)
31     77   3117   1040 ( 25.49)     0  0    0   0   0   0     0 (0.00)    2   14 (1.35)
30     82   3199    963 ( 23.60)     0  0    0   0   0   0     0 (0.00)    2   14 (1.45)
29    136   3335    881 ( 21.59)     0  0    0   0   0   0     0 (0.00)    2   14 (1.59)
28    109   3444    745 ( 18.26)     0  0    0   0   0   0     0 (0.00)    2   14 (1.88)
27     61   3505    636 ( 15.59)     0  0    0   0   0   0     0 (0.00)    2   14 (2.20)
26     45   3550    575 ( 14.09)     0  0    0   0   0   0     0 (0.00)    2   14 (2.43)
25     54   3604    530 ( 12.99)     0  0    0   0   0   0     0 (0.00)    2   14 (2.64)
24     56   3660    476 ( 11.67)     0  0    0   0   0   0     0 (0.00)    2   14 (2.94)
23     51   3711    420 ( 10.29)     0  0    0   0   0   0     0 (0.00)    2   14 (3.33)
22     50   3761    369 (  9.04)     0  0    0   0   0   0     0 (0.00)    2   14 (3.79)
21     38   3799    319 (  7.82)     0  0    0   0   0   1     1 (2.63)    3   14 (4.39)
20     36   3835    281 (  6.89)     0  0    0   0   0   0     0 (0.00)    3   13 (4.63)
19     32   3867    245 (  6.00)     0  0    0   0   0   0     0 (0.00)    3   13 (5.31)
18     32   3899    213 (  5.22)     1  0    0   1   0   0     1 (3.12)    4   13 (6.10)
17     21   3920    181 (  4.44)     0  0    0   0   0   0     0 (0.00)    4   12 (6.63)
16     21   3941    160 (  3.92)     0  0    0   0   0   0     0 (0.00)    4   12 (7.50)
15     15   3956    139 (  3.41)     0  0    0   0   0   0     0 (0.00)    4   12 (8.63)
14     26   3982    124 (  3.04)     0  0    0   0   0   0     0 (0.00)    4   12 (9.68)
13     18   4000     98 (  2.40)     0  0    0   0   0   0     0 (0.00)    4   12 (12.24)
12     13   4013     80 (  1.96)     1  0    0   0   1   0     1 (7.69)    5   12 (15.00)
11     14   4027     67 (  1.64)     0  0    0   1   0   0     1 (7.14)    6   11 (16.42)
10     19   4046     53 (  1.30)     1  0    0   1   0   0     1 (5.26)    7   10 (18.87)
 9      5   4051     34 (  0.83)     1  0    0   0   1   0     1 (20.00)    8    9 (26.47)
 8      8   4059     29 (  0.71)     0  0    0   0   0   0     0 (0.00)    8    8 (27.59)
 7      7   4066     21 (  0.51)     0  0    0   1   1   1     3 (42.86)   11    8 (38.10)
 6     10   4076     14 (  0.34)     0  0    0   1   2   1     4 (40.00)   15    5 (35.71)
 5      2   4078      4 (  0.10)     0  0    0   0   0   0     0 (0.00)   15    1 (25.00)
 4      2   4080      2 (  0.05)     0  0    0   1   0   0     1 (50.00)   16    1 (50.00)
-1    342   4422      0 (  0.00)   234  0    0  11  21  17    49 (14.33)   65    0 (0.00)


Read/contig alignment summary, by read base; adjusted qualities
Qual algn  cum    rcum    (%)    unalgn X    N  sub del ins  total (%)   cum  rcum (%)
90   2599   2599   4234 (100.00)     0  0    0   0   0   0     0 (0.00)    0   50 (1.18)
89     36   2635   1635 ( 38.62)     0  0    0   0   0   0     0 (0.00)    0   50 (3.06)
88     39   2674   1599 ( 37.77)     0  0    0   0   0   0     0 (0.00)    0   50 (3.13)
87     30   2704   1560 ( 36.84)     0  0    0   0   0   0     0 (0.00)    0   50 (3.21)
86     36   2740   1530 ( 36.14)     0  0    0   0   0   0     0 (0.00)    0   50 (3.27)
85     35   2775   1494 ( 35.29)     0  0    0   0   0   0     0 (0.00)    0   50 (3.35)
84     25   2800   1459 ( 34.46)     0  0    0   0   0   0     0 (0.00)    0   50 (3.43)
83     21   2821   1434 ( 33.87)     0  0    0   0   0   0     0 (0.00)    0   50 (3.49)
82     20   2841   1413 ( 33.37)     0  0    0   0   0   0     0 (0.00)    0   50 (3.54)
81     31   2872   1393 ( 32.90)     0  0    0   0   0   0     0 (0.00)    0   50 (3.59)
80     13   2885   1362 ( 32.17)     0  0    0   0   0   0     0 (0.00)    0   50 (3.67)
79     23   2908   1349 ( 31.86)     0  0    0   0   0   0     0 (0.00)    0   50 (3.71)
78     17   2925   1326 ( 31.32)     0  0    0   0   0   0     0 (0.00)    0   50 (3.77)
77     12   2937   1309 ( 30.92)     0  0    0   0   0   0     0 (0.00)    0   50 (3.82)
76     16   2953   1297 ( 30.63)     0  0    0   0   0   0     0 (0.00)    0   50 (3.86)
75     13   2966   1281 ( 30.26)     0  0    0   0   0   0     0 (0.00)    0   50 (3.90)
74     16   2982   1268 ( 29.95)     0  0    0   0   0   0     0 (0.00)    0   50 (3.94)
73     10   2992   1252 ( 29.57)     0  0    0   0   0   0     0 (0.00)    0   50 (3.99)
72     15   3007   1242 ( 29.33)     0  0    0   0   0   0     0 (0.00)    0   50 (4.03)
71     23   3030   1227 ( 28.98)     0  0    0   0   0   0     0 (0.00)    0   50 (4.07)
70     13   3043   1204 ( 28.44)     0  0    0   0   0   0     0 (0.00)    0   50 (4.15)
69     13   3056   1191 ( 28.13)     0  0    0   0   0   0     0 (0.00)    0   50 (4.20)
68     11   3067   1178 ( 27.82)     0  0    0   0   0   0     0 (0.00)    0   50 (4.24)
67     12   3079   1167 ( 27.56)     0  0    0   0   0   0     0 (0.00)    0   50 (4.28)
66     10   3089   1155 ( 27.28)     0  0    0   0   0   0     0 (0.00)    0   50 (4.33)
65     14   3103   1145 ( 27.04)     0  0    0   0   0   0     0 (0.00)    0   50 (4.37)
64      8   3111   1131 ( 26.71)     0  0    0   0   0   0     0 (0.00)    0   50 (4.42)
63     11   3122   1123 ( 26.52)     0  0    0   0   0   0     0 (0.00)    0   50 (4.45)
62     11   3133   1112 ( 26.26)     0  0    0   0   0   0     0 (0.00)    0   50 (4.50)
61    122   3255   1101 ( 26.00)     0  0    0   0   0   0     0 (0.00)    0   50 (4.54)
60      4   3259    979 ( 23.12)     0  0    0   0   0   0     0 (0.00)    0   50 (5.11)
59     62   3321    975 ( 23.03)     0  0    0   0   0   0     0 (0.00)    0   50 (5.13)
58     19   3340    913 ( 21.56)     0  0    0   0   0   0     0 (0.00)    0   50 (5.48)
57     23   3363    894 ( 21.11)     0  0    0   0   0   0     0 (0.00)    0   50 (5.59)
56      9   3372    871 ( 20.57)     0  0    0   0   0   0     0 (0.00)    0   50 (5.74)
55     78   3450    862 ( 20.36)     0  0    0   0   0   0     0 (0.00)    0   50 (5.80)
54     10   3460    784 ( 18.52)     0  0    0   0   0   0     0 (0.00)    0   50 (6.38)
53     72   3532    774 ( 18.28)     0  0    0   0   0   0     0 (0.00)    0   50 (6.46)
52     52   3584    702 ( 16.58)     0  0    0   0   0   0     0 (0.00)    0   50 (7.12)
51     10   3594    650 ( 15.35)     0  0    0   0   0   0     0 (0.00)    0   50 (7.69)
50     63   3657    640 ( 15.12)     0  0    0   0   0   0     0 (0.00)    0   50 (7.81)
49     10   3667    577 ( 13.63)     0  0    0   0   0   0     0 (0.00)    0   50 (8.67)
48     14   3681    567 ( 13.39)     0  0    0   0   0   0     0 (0.00)    0   50 (8.82)
47     35   3716    553 ( 13.06)     0  0    0   0   0   0     0 (0.00)    0   50 (9.04)
46     13   3729    518 ( 12.23)     0  0    0   0   0   0     0 (0.00)    0   50 (9.65)
45     21   3750    505 ( 11.93)     0  0    0   0   0   0     0 (0.00)    0   50 (9.90)
44     17   3767    484 ( 11.43)     0  0    0   0   0   0     0 (0.00)    0   50 (10.33)
43     24   3791    467 ( 11.03)     0  0    0   0   0   0     0 (0.00)    0   50 (10.71)
42      7   3798    443 ( 10.46)     0  0    0   0   0   0     0 (0.00)    0   50 (11.29)
41     10   3808    436 ( 10.30)     0  0    0   0   0   0     0 (0.00)    0   50 (11.47)
40      9   3817    426 ( 10.06)     0  0    0   0   0   0     0 (0.00)    0   50 (11.74)
39      8   3825    417 (  9.85)     0  0    0   0   0   0     0 (0.00)    0   50 (11.99)
38     21   3846    409 (  9.66)     0  0    0   0   0   0     0 (0.00)    0   50 (12.22)
37     16   3862    388 (  9.16)     0  0    0   0   0   0     0 (0.00)    0   50 (12.89)
36      8   3870    372 (  8.79)     0  0    0   0   0   0     0 (0.00)    0   50 (13.44)
35     15   3885    364 (  8.60)     0  0    0   0   0   0     0 (0.00)    0   50 (13.74)
34      4   3889    349 (  8.24)     0  0    0   0   0   0     0 (0.00)    0   50 (14.33)
33      4   3893    345 (  8.15)     0  0    0   0   0   0     0 (0.00)    0   50 (14.49)
32      9   3902    341 (  8.05)     0  0    0   0   0   0     0 (0.00)    0   50 (14.66)
31     10   3912    332 (  7.84)     0  0    0   0   0   0     0 (0.00)    0   50 (15.06)
30      5   3917    322 (  7.61)     0  0    0   0   0   0     0 (0.00)    0   50 (15.53)
29      6   3923    317 (  7.49)     0  0    0   0   0   0     0 (0.00)    0   50 (15.77)
28      7   3930    311 (  7.35)     0  0    0   0   0   0     0 (0.00)    0   50 (16.08)
27      1   3931    304 (  7.18)     0  0    0   0   0   0     0 (0.00)    0   50 (16.45)
26      5   3936    303 (  7.16)     0  0    0   0   0   0     0 (0.00)    0   50 (16.50)
25     28   3964    298 (  7.04)     0  0    0   0   0   0     0 (0.00)    0   50 (16.78)
24      9   3973    270 (  6.38)     0  0    0   0   0   0     0 (0.00)    0   50 (18.52)
23      5   3978    261 (  6.16)     0  0    0   0   0   0     0 (0.00)    0   50 (19.16)
22      4   3982    256 (  6.05)     0  0    0   0   0   0     0 (0.00)    0   50 (19.53)
21      6   3988    252 (  5.95)     0  0    0   0   0   1     1 (16.67)    1   50 (19.84)
20      5   3993    246 (  5.81)     0  0    0   0   0   0     0 (0.00)    1   49 (19.92)
19      3   3996    241 (  5.69)     0  0    0   0   0   0     0 (0.00)    1   49 (20.33)
18      3   3999    238 (  5.62)     1  0    0   1   0   0     1 (33.33)    2   49 (20.59)
17      2   4001    235 (  5.55)     0  0    0   0   0   0     0 (0.00)    2   48 (20.43)
16      2   4003    233 (  5.50)     0  0    0   0   0   0     0 (0.00)    2   48 (20.60)
15     36   4039    231 (  5.46)     0  0    0   0   1   0     1 (2.78)    3   48 (20.78)
14      4   4043    195 (  4.61)     0  0    0   0   0   0     0 (0.00)    3   47 (24.10)
13      4   4047    191 (  4.51)     0  0    0   0   0   0     0 (0.00)    3   47 (24.61)
12      4   4051    187 (  4.42)     1  0    0   0   1   0     1 (25.00)    4   47 (25.13)
11      3   4054    183 (  4.32)     0  0    0   1   0   0     1 (33.33)    5   46 (25.14)
10      1   4055    180 (  4.25)     0  0    0   1   0   0     1 (100.00)    6   45 (25.00)
 9      1   4056    179 (  4.23)     0  0    0   0   1   0     1 (100.00)    7   44 (24.58)
 7      5   4061    178 (  4.20)     0  0    0   1   1   1     3 (60.00)   10   43 (24.16)
 6      4   4065    173 (  4.09)     0  0    0   0   2   1     3 (75.00)   13   40 (23.12)
 5      1   4066    169 (  3.99)     0  0    0   0   0   0     0 (0.00)   13   37 (21.89)
 4      1   4067    168 (  3.97)     0  0    0   1   0   0     1 (100.00)   14   37 (22.02)
 2    167   4234    167 (  3.94)     0  0    0   8  12  16    36 (21.56)   50   36 (21.56)
-1    188   4422      0 (  0.00)   236  0    0   4   8   3    15 (7.98)   65    0 (0.00)


Depth 0 regions:

Block histogram:
Qual   bases    cum    blocks
 16       1        1        1
 18       1        2        2
 20       2        4        3
 21       1        5        4
 22       1        6        5
 24       6       12       11
 25       4       16       13
 26       2       18       15
 27       1       19       16
 28       3       22       19
 29       3       25       21
 30       1       26       22
 31       5       31       24
 32       6       37       29
 33       3       40       29
 34       2       42       31
 35       4       46       32
 36       4       50       35
 37      11       61       40
 38      12       73       50
 39       4       77       50
 40       7       84       54
 41       7       91       56
 42       5       96       59
 43      14      110       67
 44      10      120       67
 45      16      136       73
 46      10      146       75
 47      27      173       82
 48       4      177       81
 49       7      184       84
 50      53      237       95
 51       2      239       95
 52      39      278       95
 53      55      333       68
 54       3      336       69
 55      67      403       71
 56       1      404       71
 57      10      414       62
 58       3      417       62
 59      49      466       61
 60       1      467       61
 61     102      569        9
 63       1      570        9
 65       1      571        8
 66       2      573        8
 68       1      574        9
 71       1      575        9
 72       1      576        8
 74       1      577        8
 75       2      579        8
 76       5      584        8
 78       1      585        7
 82       1      586        8
 83       1      587        8
 84       1      588        8
 85       4      592        8
 86       5      597       11
 87       3      600       11
 88       6      606       17
 89       5      611       21
 90     802     1413        1

SS region: 387 (27.39%), flagged: 0 (0.00%)

Sites with total LLR scores < -3.0  [max pos LLR read, max neg LLR read]  (#discrep top reads, #discrep bottom reads):
  534     -4.7  [-4.7,  0.0]  (1, 0)
  560     -5.2  [-5.2,  0.0]  (1, 0)

Read/contig discrepancies (* = higher-quality): None.
0 lower quality discrepant sites.

Reads with neg LLR score, or confirmed or high-qual unaligned seg > 20 bases, or other problem: None.

Gaps in unique-read coverage:  None.

Subclone/read contig links and consistency checks (* = inconsistency; Contig 0 = singletons)
Max subclone size: 5000

INTERNAL Contig 1  same sense  
      HMPB-AAD13A05.b4    HMPB-AAD13A05.b2       0     527    1412
 *    HMPB-AAD13A05.b2  C HMPB-AAD13A05.b1     -57     527    1412
 *    HMPB-AAD13A05.b4  C HMPB-AAD13A05.b3     140     527    1412
 *    HMPB-AAD13A05.b4  C HMPB-AAD13A05.b1     -57     527    1412
    C HMPB-AAD13A05.b3  C HMPB-AAD13A05.b1       0     584    1412
 *  C HMPB-AAD13A05.b3    HMPB-AAD13A05.b2       0     527    1412

INTERNAL Contig 1  opp sense  
      HMPB-AAD13A05.g1  C HMPB-AAD13A05.b3    1412       0    1412
      HMPB-AAD13A05.g1  C HMPB-AAD13A05.b1    1412       0    1412
 *    HMPB-AAD13A05.g1    HMPB-AAD13A05.b4    1408       0    1408
 *    HMPB-AAD13A05.g1    HMPB-AAD13A05.b2    1412       0    1412
Covered regions: 1..1411 

Size histogram for consistent forward-reverse pairs (*** = inconsistent pairs)
 1400     2
  ***     2

 Consistent opp sense links (* = not used in chain, ** = multiple non-zero):