No. words: 5252; after pruning: 4370


Histogram of relative pair offsets, for read pairs with multiple alignments:

Pass 1
             Gap  Score    
Merge:(0)    0    0.0 18.1 (1,1:979)  840  0.68 0.11 0.34  HMPB-AAD13A05.b2       12   896 (131)  C HMPB-AAD13A05.b3   (128)   967    85 *

Pass: 1
#reads  #contigs (not counting singletons)
    1      3
    2      1

N.B. Following not based on all pairs!!

Lowest   # merges  # failures
LLR score
0.0       1        0

Gap   # merges  # failures
 size
 0       1        0

Offset
  1       1 

Pass 3
             Gap  Score    
Merge:(0)    0    0.0 18.1 (2,1:-7)  852  0.11 0.34 0.11  HMPB-AAD13A05.b3       89   967 (128)  C HMPB-AAD13A05.b4   (204)   899    19 *
Merge:(0)    0    0.0 17.1 (3,1:977)  705  1.45 2.18 0.12  HMPB-AAD13A05.b4       75   899 (204)  C HMPB-AAD13A05.b1   (104)   926    85 *
Merge:(0)    0    0.0 8.2 (4,1:-609)  267  0.77 6.89 0.51  HMPB-AAD13A05.b3      699  1090 (5)  C HMPB-AAD13A05.g1   (96)   901   485 *

Pass: 3
#reads  #contigs (not counting singletons)
    5      1

N.B. Following not based on all pairs!!

Lowest   # merges  # failures
LLR score
0.0       3        0

Gap   # merges  # failures
 size
 0       3        0

Offset
  0       4 
  1       2 
  6       1 
  7       1 
  8       1 

Pass 4
             Gap  Score    

Pass: 4
#reads  #contigs (not counting singletons)
    5      1

N.B. Following not based on all pairs!!

Lowest   # merges  # failures
LLR score

Gap   # merges  # failures
 size

Offset

Read equivalence class histogram:
    5    1


Pass 5
             Gap  Score    

Pass: 5
#reads  #contigs (not counting singletons)
    5      1

N.B. Following not based on all pairs!!

Lowest   # merges  # failures
LLR score

Gap   # merges  # failures
 size

Offset
Chimera merges: 


Contig 1:  2680 nodes

 701 str. conn. components

Path
    1    HMPB-AAD13A05.g1     1 
  631  C HMPB-AAD13A05.b3   961 
  647    HMPB-AAD13A05.g1   647 
  659  C HMPB-AAD13A05.b3   935 
  675    HMPB-AAD13A05.g1   675 
  684  C HMPB-AAD13A05.b3   911 
  774    HMPB-AAD13A05.b4   167 
  787  C HMPB-AAD13A05.b3   808 
  924    HMPB-AAD13A05.b2   309 
  944    HMPB-AAD13A05.b4   337 
 1343  C HMPB-AAD13A05.b3   252 
 1423    HMPB-AAD13A05.b4   816 
 1436    HMPB-AAD13A05.b2   822 
 1438  C HMPB-AAD13A05.b3   157 
Contig length: old 1705, new 1594
Badly positioned read start: HMPB-AAD13A05.b3, 479 - 500

Contig length: old 1594, new 1413
New start: 97 

Contig 1 unpadded => padded conversion:
  200 =>   200
  400 =>   401
  600 =>   603
  800 =>   824
 1000 =>  1024
 1200 =>  1224
 1400 =>  1425