executable=${PYPEFLOW_JOB_START_SCRIPT}
+ executable=/mnt/disks/data/assembly/ecoli-blocking/1-preads_ovl/daligner-gathered/run-Pc7db0073f1d458.bash
timeout=${PYPEFLOW_JOB_START_TIMEOUT:-60} # wait 60s by default
+ timeout=60

# Wait up to timeout seconds for the executable to become "executable",
# then exec.
#timeleft = int(timeout)
while [[ ! -x "${executable}" ]]; do
    if [[ "${timeout}" == "0" ]]; then
        echo "timed out waiting for (${executable})"
        exit 77
    fi
    echo "not executable: '${executable}', waiting ${timeout}s"
    sleep 1
    timeout=$((timeout-1))
done
+ [[ ! -x /mnt/disks/data/assembly/ecoli-blocking/1-preads_ovl/daligner-gathered/run-Pc7db0073f1d458.bash ]]

/bin/bash ${executable}
+ /bin/bash /mnt/disks/data/assembly/ecoli-blocking/1-preads_ovl/daligner-gathered/run-Pc7db0073f1d458.bash
+ '[' '!' -d /mnt/disks/data/assembly/ecoli-blocking/1-preads_ovl/daligner-gathered ']'
+ cd /mnt/disks/data/assembly/ecoli-blocking/1-preads_ovl/daligner-gathered
+ eval '/bin/bash run.sh'
++ /bin/bash run.sh
export PATH=$PATH:/bin
+ export PATH=/apps/pbassemble/bin:/usr/local/bin:/usr/bin:/usr/local/sbin:/usr/sbin:/apps/slurm/current/bin:/apps/slurm/current/sbin:/home/ebelter_wustl_edu/.local/bin:/home/ebelter_wustl_edu/bin:/bin
+ PATH=/apps/pbassemble/bin:/usr/local/bin:/usr/bin:/usr/local/sbin:/usr/sbin:/apps/slurm/current/bin:/apps/slurm/current/sbin:/home/ebelter_wustl_edu/.local/bin:/home/ebelter_wustl_edu/bin:/bin
cd /mnt/disks/data/assembly/ecoli-blocking/1-preads_ovl/daligner-gathered
+ cd /mnt/disks/data/assembly/ecoli-blocking/1-preads_ovl/daligner-gathered
/bin/bash task.sh
+ /bin/bash task.sh
pypeflow 2.1.1
2019-01-10 00:21:27,129 - root - DEBUG - Running "/apps/pbassemble/lib/python2.7/site-packages/pypeflow/do_task.py /mnt/disks/data/assembly/ecoli-blocking/1-preads_ovl/daligner-gathered/task.json"
2019-01-10 00:21:27,130 - root - DEBUG - Checking existence of '/mnt/disks/data/assembly/ecoli-blocking/1-preads_ovl/daligner-gathered/task.json' with timeout=30
2019-01-10 00:21:27,130 - root - DEBUG - Loading JSON from '/mnt/disks/data/assembly/ecoli-blocking/1-preads_ovl/daligner-gathered/task.json'
2019-01-10 00:21:27,131 - root - DEBUG - {u'bash_template_fn': u'template.sh',
 u'inputs': {u'jobj_0000': u'../daligner-runs/j_0000/some-done-files.json',
             u'jobj_0001': u'../daligner-runs/j_0001/some-done-files.json',
             u'jobj_0002': u'../daligner-runs/j_0002/some-done-files.json'},
 u'outputs': {u'gathered': u'gathered-done-files.json',
              u'result_fn_list': u'result-fn-list.json'},
 u'parameters': {u'pypeflow_mb': 4000, u'pypeflow_nproc': 1}}
2019-01-10 00:21:27,131 - root - WARNING - CD: '/mnt/disks/data/assembly/ecoli-blocking/1-preads_ovl/daligner-gathered' <- '/mnt/disks/data/assembly/ecoli-blocking/1-preads_ovl/daligner-gathered'
2019-01-10 00:21:27,131 - root - DEBUG - Checking existence of u'../daligner-runs/j_0001/some-done-files.json' with timeout=30
2019-01-10 00:21:27,131 - root - DEBUG - Checking existence of u'../daligner-runs/j_0000/some-done-files.json' with timeout=30
2019-01-10 00:21:27,131 - root - DEBUG - Checking existence of u'../daligner-runs/j_0002/some-done-files.json' with timeout=30
2019-01-10 00:21:27,131 - root - DEBUG - Checking existence of u'template.sh' with timeout=30
2019-01-10 00:21:27,131 - root - WARNING - CD: '/mnt/disks/data/assembly/ecoli-blocking/1-preads_ovl/daligner-gathered' <- '/mnt/disks/data/assembly/ecoli-blocking/1-preads_ovl/daligner-gathered'
2019-01-10 00:21:27,131 - root - INFO - $('/bin/bash user_script.sh')
hostname
+ hostname
pwd
+ pwd
date
+ date
# Substitution will be similar to snakemake "shell".

python -m falcon_kit.mains.generic_unsplit --result-fn-list-fn=result-fn-list.json --gathered-fn=gathered-done-files.json
+ python -m falcon_kit.mains.generic_unsplit --result-fn-list-fn=result-fn-list.json --gathered-fn=gathered-done-files.json
falcon-kit 1.2.4
pypeflow 2.1.1

date
+ date
2019-01-10 00:21:27,290 - root - DEBUG - Call '/bin/bash user_script.sh' returned 0.
2019-01-10 00:21:27,291 - root - WARNING - CD: '/mnt/disks/data/assembly/ecoli-blocking/1-preads_ovl/daligner-gathered' -> '/mnt/disks/data/assembly/ecoli-blocking/1-preads_ovl/daligner-gathered'
2019-01-10 00:21:27,291 - root - DEBUG - Checking existence of u'gathered-done-files.json' with timeout=30
2019-01-10 00:21:27,291 - root - DEBUG - Checking existence of u'result-fn-list.json' with timeout=30
2019-01-10 00:21:27,291 - root - WARNING - CD: '/mnt/disks/data/assembly/ecoli-blocking/1-preads_ovl/daligner-gathered' -> '/mnt/disks/data/assembly/ecoli-blocking/1-preads_ovl/daligner-gathered'

real	0m0.316s
user	0m0.261s
sys	0m0.055s
touch /mnt/disks/data/assembly/ecoli-blocking/1-preads_ovl/daligner-gathered/run.sh.done
+ touch /mnt/disks/data/assembly/ecoli-blocking/1-preads_ovl/daligner-gathered/run.sh.done
+ finish
+ echo 'finish code: 0'
